[debug] [2025-12-03T16:11:54.288Z] ----------------------------------------------------------------------
[debug] [2025-12-03T16:11:54.290Z] Command:       C:\Program Files\nodejs\node.exe C:\Users\grace\AppData\Roaming\npm\node_modules\firebase-tools\lib\bin\firebase.js deploy --only functions
[debug] [2025-12-03T16:11:54.290Z] CLI Version:   14.26.0
[debug] [2025-12-03T16:11:54.290Z] Platform:      win32
[debug] [2025-12-03T16:11:54.290Z] Node Version:  v22.20.0
[debug] [2025-12-03T16:11:54.291Z] Time:          Wed Dec 03 2025 11:11:54 GMT-0500 (Eastern Standard Time)
[debug] [2025-12-03T16:11:54.291Z] ----------------------------------------------------------------------
[debug] 
[debug] [2025-12-03T16:11:54.460Z] > command requires scopes: ["email","openid","https://www.googleapis.com/auth/cloudplatformprojects.readonly","https://www.googleapis.com/auth/firebase","https://www.googleapis.com/auth/cloud-platform"]
[debug] [2025-12-03T16:11:54.460Z] > authorizing via signed-in user (gshort03@gmail.com)
[debug] [2025-12-03T16:11:54.460Z] [iam] checking project therfpqueen-f11fd for permissions ["cloudfunctions.functions.create","cloudfunctions.functions.delete","cloudfunctions.functions.get","cloudfunctions.functions.list","cloudfunctions.functions.update","cloudfunctions.operations.get","firebase.projects.get"]
[debug] [2025-12-03T16:11:54.461Z] Checked if tokens are valid: true, expires at: 1764781555459
[debug] [2025-12-03T16:11:54.461Z] Checked if tokens are valid: true, expires at: 1764781555459
[debug] [2025-12-03T16:11:54.462Z] >>> [apiv2][query] POST https://cloudresourcemanager.googleapis.com/v1/projects/therfpqueen-f11fd:testIamPermissions [none]
[debug] [2025-12-03T16:11:54.462Z] >>> [apiv2][(partial)header] POST https://cloudresourcemanager.googleapis.com/v1/projects/therfpqueen-f11fd:testIamPermissions x-goog-quota-user=projects/therfpqueen-f11fd
[debug] [2025-12-03T16:11:54.462Z] >>> [apiv2][body] POST https://cloudresourcemanager.googleapis.com/v1/projects/therfpqueen-f11fd:testIamPermissions {"permissions":["cloudfunctions.functions.create","cloudfunctions.functions.delete","cloudfunctions.functions.get","cloudfunctions.functions.list","cloudfunctions.functions.update","cloudfunctions.operations.get","firebase.projects.get"]}
[debug] [2025-12-03T16:11:54.829Z] <<< [apiv2][status] POST https://cloudresourcemanager.googleapis.com/v1/projects/therfpqueen-f11fd:testIamPermissions 200
[debug] [2025-12-03T16:11:54.829Z] <<< [apiv2][body] POST https://cloudresourcemanager.googleapis.com/v1/projects/therfpqueen-f11fd:testIamPermissions {"permissions":["cloudfunctions.functions.create","cloudfunctions.functions.delete","cloudfunctions.functions.get","cloudfunctions.functions.list","cloudfunctions.functions.update","cloudfunctions.operations.get","firebase.projects.get"]}
[debug] [2025-12-03T16:11:54.829Z] Checked if tokens are valid: true, expires at: 1764781555459
[debug] [2025-12-03T16:11:54.829Z] Checked if tokens are valid: true, expires at: 1764781555459
[debug] [2025-12-03T16:11:54.829Z] >>> [apiv2][query] POST https://iam.googleapis.com/v1/projects/therfpqueen-f11fd/serviceAccounts/therfpqueen-f11fd@appspot.gserviceaccount.com:testIamPermissions [none]
[debug] [2025-12-03T16:11:54.829Z] >>> [apiv2][body] POST https://iam.googleapis.com/v1/projects/therfpqueen-f11fd/serviceAccounts/therfpqueen-f11fd@appspot.gserviceaccount.com:testIamPermissions {"permissions":["iam.serviceAccounts.actAs"]}
[debug] [2025-12-03T16:11:55.159Z] <<< [apiv2][status] POST https://iam.googleapis.com/v1/projects/therfpqueen-f11fd/serviceAccounts/therfpqueen-f11fd@appspot.gserviceaccount.com:testIamPermissions 200
[debug] [2025-12-03T16:11:55.159Z] <<< [apiv2][body] POST https://iam.googleapis.com/v1/projects/therfpqueen-f11fd/serviceAccounts/therfpqueen-f11fd@appspot.gserviceaccount.com:testIamPermissions {"permissions":["iam.serviceAccounts.actAs"]}
[info] 
[info] === Deploying to 'therfpqueen-f11fd'...
[info] 
[info] i  deploying functions 
[info] Running command: npm --prefix "$RESOURCE_DIR" run build
